17/10/2016 21:25:27: prof: INF: Starting Profanity (0.5.0)...
17/10/2016 21:25:27: prof: INF: Initialising chat logs
17/10/2016 21:25:27: prof: INF: Initialising groupchat logs
17/10/2016 21:25:27: prof: INF: Loading accounts
17/10/2016 21:25:27: prof: INF: Initialising UI
17/10/2016 21:25:27: prof: INF: Initialising XMPP
17/10/2016 21:25:27: prof: INF: Loading capabilities cache
17/10/2016 21:25:27: prof: INF: Initialising commands
17/10/2016 21:25:27: prof: INF: Initialising contact list
17/10/2016 21:25:27: prof: INF: Loading TLS certificates
17/10/2016 21:25:27: prof: INF: Initialising OTR
17/10/2016 21:25:27: prof: INF: Starting main event loop
17/10/2016 21:26:30: prof: INF: Profanity is shutting down...
17/10/2016 21:26:35: prof: INF: Starting Profanity (0.5.0)...
17/10/2016 21:26:35: prof: INF: Initialising chat logs
17/10/2016 21:26:35: prof: INF: Initialising groupchat logs
17/10/2016 21:26:35: prof: INF: Loading accounts
17/10/2016 21:26:35: prof: INF: Initialising UI
17/10/2016 21:26:35: prof: INF: Initialising XMPP
17/10/2016 21:26:35: prof: INF: Loading capabilities cache
17/10/2016 21:26:35: prof: INF: Initialising commands
17/10/2016 21:26:35: prof: INF: Initialising contact list
17/10/2016 21:26:35: prof: INF: Loading TLS certificates
17/10/2016 21:26:35: prof: INF: Initialising OTR
17/10/2016 21:26:35: prof: INF: Starting main event loop
17/10/2016 21:26:59: prof: INF: Profanity is shutting down...
